
> storybook-design-sample@1.0.0 build-storybook
> storybook build -c storybook --output-dir=C:\Users\74522\AppData\Local\Temp\chromatic--19276-G5EoeedNNZCI --stats-json=C:\Users\74522\AppData\Local\Temp\chromatic--19276-G5EoeedNNZCI

[1m@storybook/core v8.6.18
[22m
info => Cleaning outputDir: [36mC:\Users\74522\AppData\Local\Temp\chromatic--19276-G5EoeedNNZCI[39m
info => Loading presets
info => Building manager..
info => Manager built ([38;2;181;126;229m346 ms[39m)
info => Building preview..
WARN No story files found for the specified pattern: [34mstorybook\stories\**\*.mdx[39m
[36mvite v6.4.2 [32mbuilding for production...[36m[39m
transforming...
[32m✓[39m 132 modules transformed.
rendering chunks...
computing gzip size...
[2mC:/Users/74522/AppData/Local/Temp/chromatic--19276-G5EoeedNNZCI/[22m[32miframe.html                                 [39m[1m[2m 17.85 kB[22m[1m[22m[2m │ gzip:   5.00 kB[22m
[2mC:/Users/74522/AppData/Local/Temp/chromatic--19276-G5EoeedNNZCI/[22m[35massets/LoginForm-Bpsu3Nwh.css               [39m[1m[2m  1.56 kB[22m[1m[22m[2m │ gzip:   0.62 kB[22m
[2mC:/Users/74522/AppData/Local/Temp/chromatic--19276-G5EoeedNNZCI/[22m[35massets/preview-CcWO9dHV.css                 [39m[1m[2m  6.94 kB[22m[1m[22m[2m │ gzip:   2.01 kB[22m
[2mC:/Users/74522/AppData/Local/Temp/chromatic--19276-G5EoeedNNZCI/[22m[36massets/_commonjsHelpers-CqkleIqs.js         [39m[1m[2m  0.12 kB[22m[1m[22m[2m │ gzip:   0.13 kB[22m
[2mC:/Users/74522/AppData/Local/Temp/chromatic--19276-G5EoeedNNZCI/[22m[36massets/preview-Dq795A7u.js                  [39m[1m[2m  0.17 kB[22m[1m[22m[2m │ gzip:   0.16 kB[22m
[2mC:/Users/74522/AppData/Local/Temp/chromatic--19276-G5EoeedNNZCI/[22m[36massets/client-BI9dqGTm.js                   [39m[1m[2m  0.18 kB[22m[1m[22m[2m │ gzip:   0.15 kB[22m
[2mC:/Users/74522/AppData/Local/Temp/chromatic--19276-G5EoeedNNZCI/[22m[36massets/preview-CvbIS5ZJ.js                  [39m[1m[2m  0.18 kB[22m[1m[22m[2m │ gzip:   0.16 kB[22m
[2mC:/Users/74522/AppData/Local/Temp/chromatic--19276-G5EoeedNNZCI/[22m[36massets/index-BhrQtDbT.js                    [39m[1m[2m  0.49 kB[22m[1m[22m[2m │ gzip:   0.31 kB[22m
[2mC:/Users/74522/AppData/Local/Temp/chromatic--19276-G5EoeedNNZCI/[22m[36massets/index-Dx_1l3Sb.js                    [39m[1m[2m  0.52 kB[22m[1m[22m[2m │ gzip:   0.37 kB[22m
[2mC:/Users/74522/AppData/Local/Temp/chromatic--19276-G5EoeedNNZCI/[22m[36massets/chunk-XP5HYGXS-rhzvizV_.js           [39m[1m[2m  0.71 kB[22m[1m[22m[2m │ gzip:   0.40 kB[22m
[2mC:/Users/74522/AppData/Local/Temp/chromatic--19276-G5EoeedNNZCI/[22m[36massets/preview-DGUiP6tS.js                  [39m[1m[2m  0.71 kB[22m[1m[22m[2m │ gzip:   0.50 kB[22m
[2mC:/Users/74522/AppData/Local/Temp/chromatic--19276-G5EoeedNNZCI/[22m[36massets/index-DrFu-skq.js                    [39m[1m[2m  0.77 kB[22m[1m[22m[2m │ gzip:   0.47 kB[22m
[2mC:/Users/74522/AppData/Local/Temp/chromatic--19276-G5EoeedNNZCI/[22m[36massets/v4-CtRu48qb.js                       [39m[1m[2m  0.81 kB[22m[1m[22m[2m │ gzip:   0.43 kB[22m
[2mC:/Users/74522/AppData/Local/Temp/chromatic--19276-G5EoeedNNZCI/[22m[36massets/react-18-Dcjcz1Sq.js                 [39m[1m[2m  0.87 kB[22m[1m[22m[2m │ gzip:   0.51 kB[22m
[2mC:/Users/74522/AppData/Local/Temp/chromatic--19276-G5EoeedNNZCI/[22m[36massets/index-Co38GRlK.js                    [39m[1m[2m  0.94 kB[22m[1m[22m[2m │ gzip:   0.57 kB[22m
[2mC:/Users/74522/AppData/Local/Temp/chromatic--19276-G5EoeedNNZCI/[22m[36massets/preview-DZtNFEkm.js                  [39m[1m[2m  0.95 kB[22m[1m[22m[2m │ gzip:   0.60 kB[22m
[2mC:/Users/74522/AppData/Local/Temp/chromatic--19276-G5EoeedNNZCI/[22m[36massets/jsx-runtime-Cf8x2fCZ.js              [39m[1m[2m  1.00 kB[22m[1m[22m[2m │ gzip:   0.62 kB[22m
[2mC:/Users/74522/AppData/Local/Temp/chromatic--19276-G5EoeedNNZCI/[22m[36massets/Button-nhWHK4VX.js                   [39m[1m[2m  1.18 kB[22m[1m[22m[2m │ gzip:   0.48 kB[22m
[2mC:/Users/74522/AppData/Local/Temp/chromatic--19276-G5EoeedNNZCI/[22m[36massets/Button.stories-CM_zNAmn.js           [39m[1m[2m  1.54 kB[22m[1m[22m[2m │ gzip:   0.61 kB[22m
[2mC:/Users/74522/AppData/Local/Temp/chromatic--19276-G5EoeedNNZCI/[22m[36massets/Badge.stories-GSOubcXZ.js            [39m[1m[2m  1.95 kB[22m[1m[22m[2m │ gzip:   0.80 kB[22m
[2mC:/Users/74522/AppData/Local/Temp/chromatic--19276-G5EoeedNNZCI/[22m[36massets/preview-4JFyhI_d.js                  [39m[1m[2m  2.22 kB[22m[1m[22m[2m │ gzip:   1.21 kB[22m
[2mC:/Users/74522/AppData/Local/Temp/chromatic--19276-G5EoeedNNZCI/[22m[36massets/DesignTokenCard.stories-C3wUwbz6.js  [39m[1m[2m  2.42 kB[22m[1m[22m[2m │ gzip:   0.95 kB[22m
[2mC:/Users/74522/AppData/Local/Temp/chromatic--19276-G5EoeedNNZCI/[22m[36massets/preview-BaoH-L4j.js                  [39m[1m[2m  2.75 kB[22m[1m[22m[2m │ gzip:   1.38 kB[22m
[2mC:/Users/74522/AppData/Local/Temp/chromatic--19276-G5EoeedNNZCI/[22m[36massets/Panel.stories-Bx-hPG5E.js            [39m[1m[2m  2.79 kB[22m[1m[22m[2m │ gzip:   1.09 kB[22m
[2mC:/Users/74522/AppData/Local/Temp/chromatic--19276-G5EoeedNNZCI/[22m[36massets/index-B-lxVbXh.js                    [39m[1m[2m  2.96 kB[22m[1m[22m[2m │ gzip:   1.45 kB[22m
[2mC:/Users/74522/AppData/Local/Temp/chromatic--19276-G5EoeedNNZCI/[22m[36massets/LoginForm.stories-CIJrAQPF.js        [39m[1m[2m  3.73 kB[22m[1m[22m[2m │ gzip:   1.25 kB[22m
[2mC:/Users/74522/AppData/Local/Temp/chromatic--19276-G5EoeedNNZCI/[22m[36massets/CoverSlide.stories-DH4GQdqb.js       [39m[1m[2m  4.90 kB[22m[1m[22m[2m │ gzip:   1.62 kB[22m
[2mC:/Users/74522/AppData/Local/Temp/chromatic--19276-G5EoeedNNZCI/[22m[36massets/preview-B8lJiyuQ.js                  [39m[1m[2m  5.06 kB[22m[1m[22m[2m │ gzip:   1.88 kB[22m
[2mC:/Users/74522/AppData/Local/Temp/chromatic--19276-G5EoeedNNZCI/[22m[36massets/LoanRegister.stories-CjQuo2J1.js     [39m[1m[2m  5.26 kB[22m[1m[22m[2m │ gzip:   1.66 kB[22m
[2mC:/Users/74522/AppData/Local/Temp/chromatic--19276-G5EoeedNNZCI/[22m[36massets/index-yBjzXJbu.js                    [39m[1m[2m  6.79 kB[22m[1m[22m[2m │ gzip:   2.72 kB[22m
[2mC:/Users/74522/AppData/Local/Temp/chromatic--19276-G5EoeedNNZCI/[22m[36massets/preview-BWzBA1C2.js                  [39m[1m[2m  7.62 kB[22m[1m[22m[2m │ gzip:   1.56 kB[22m
[2mC:/Users/74522/AppData/Local/Temp/chromatic--19276-G5EoeedNNZCI/[22m[36massets/preview-BBWR9nbA.js                  [39m[1m[2m  8.12 kB[22m[1m[22m[2m │ gzip:   3.10 kB[22m
[2mC:/Users/74522/AppData/Local/Temp/chromatic--19276-G5EoeedNNZCI/[22m[36massets/test-utils-CwmFgXWS.js               [39m[1m[2m 13.09 kB[22m[1m[22m[2m │ gzip:   5.11 kB[22m
[2mC:/Users/74522/AppData/Local/Temp/chromatic--19276-G5EoeedNNZCI/[22m[36massets/Color-YHDXOIA2-Cok5BZRC.js           [39m[1m[2m 29.41 kB[22m[1m[22m[2m │ gzip:  11.09 kB[22m
[2mC:/Users/74522/AppData/Local/Temp/chromatic--19276-G5EoeedNNZCI/[22m[36massets/matchers-7Z3WT2CE-T3xScrR7.js        [39m[1m[2m 29.81 kB[22m[1m[22m[2m │ gzip:  10.30 kB[22m
[2mC:/Users/74522/AppData/Local/Temp/chromatic--19276-G5EoeedNNZCI/[22m[36massets/entry-preview-BlRaGs6E.js            [39m[1m[2m 29.90 kB[22m[1m[22m[2m │ gzip:   9.57 kB[22m
[2mC:/Users/74522/AppData/Local/Temp/chromatic--19276-G5EoeedNNZCI/[22m[36massets/index-B3ijS-tw.js                    [39m[1m[2m 57.15 kB[22m[1m[22m[2m │ gzip:  16.28 kB[22m
[2mC:/Users/74522/AppData/Local/Temp/chromatic--19276-G5EoeedNNZCI/[22m[36massets/index-B6ujFmsw.js                    [39m[1m[2m134.66 kB[22m[1m[22m[2m │ gzip:  43.22 kB[22m
[2mC:/Users/74522/AppData/Local/Temp/chromatic--19276-G5EoeedNNZCI/[22m[36massets/iframe-BGjMYSm9.js                   [39m[1m[2m213.45 kB[22m[1m[22m[2m │ gzip:  72.10 kB[22m
[2mC:/Users/74522/AppData/Local/Temp/chromatic--19276-G5EoeedNNZCI/[22m[36massets/entry-preview-docs-CFqWO3eK.js       [39m[1m[2m247.15 kB[22m[1m[22m[2m │ gzip:  73.46 kB[22m
[2mC:/Users/74522/AppData/Local/Temp/chromatic--19276-G5EoeedNNZCI/[22m[36massets/axe-CUlVnbJO.js                      [39m[1m[33m583.99 kB[39m[22m[2m │ gzip: 160.89 kB[22m
[2mC:/Users/74522/AppData/Local/Temp/chromatic--19276-G5EoeedNNZCI/[22m[36massets/preview-BIuR4HGU.js                  [39m[1m[33m660.73 kB[39m[22m[2m │ gzip: 156.59 kB[22m
[2mC:/Users/74522/AppData/Local/Temp/chromatic--19276-G5EoeedNNZCI/[22m[36massets/index-DH-M5T-F.js                    [39m[1m[33m662.49 kB[39m[22m[2m │ gzip: 157.07 kB[22m
[2mC:/Users/74522/AppData/Local/Temp/chromatic--19276-G5EoeedNNZCI/[22m[36massets/DocsRenderer-CFRXHY34-BAJCE3VR.js    [39m[1m[33m888.28 kB[39m[22m[2m │ gzip: 275.91 kB[22m
[32m✓ built in 3.60s[39m
info => Preview built ([38;2;181;126;229m4.85 s[39m)
info => preview stats written to [36mC:\Users\74522\AppData\Local\Temp\chromatic--19276-G5EoeedNNZCI\preview-stats.json[39m
info => Output directory: C:\Users\74522\AppData\Local\Temp\chromatic--19276-G5EoeedNNZCI
